[   45796ms] Uncaught TypeError: Cannot read properties of undefined (reading 'velocity')
    at moveTo (https://cdn.jsdelivr.net/npm/phaser@3.60.0/dist/phaser.min.js:0:622788)
    at setRandomWanderDirection (http://localhost:8888/src/entities/Enemy.js:72:27)
    at update (http://localhost:8888/src/entities/Enemy.js:216:21)
    at <anonymous> (http://localhost:8888/src/scenes/GameScene.js:364:18)
    at update (http://localhost:8888/src/scenes/GameScene.js:363:21)
    at step (https://cdn.jsdelivr.net/npm/phaser@3.60.0/dist/phaser.min.js:0:948790)
    at update (https://cdn.jsdelivr.net/npm/phaser@3.60.0/dist/phaser.min.js:0:935876)
    at step (https://cdn.jsdelivr.net/npm/phaser@3.60.0/dist/phaser.min.js:0:75941)
    at step (https://cdn.jsdelivr.net/npm/phaser@3.60.0/dist/phaser.min.js:0:80125)
    at e (https://cdn.jsdelivr.net/npm/phaser@3.60.0/dist/phaser.min.js:0:140699)
[  229428ms] TypeError: graphics.quadraticCurveTo is not a function
    at FishFactory.drawShrimp (http://localhost:8888/src/entities/FishFactory.js:127:18)
    at FishFactory.createFish (http://localhost:8888/src/entities/FishFactory.js:33:29)
    at new Enemy (http://localhost:8888/src/entities/Enemy.js:21:37)
    at GameScene.spawnFish (http://localhost:8888/src/scenes/GameScene.js:234:23)
    at initialize.update (https://cdn.jsdelivr.net/npm/phaser@3.60.0/dist/phaser.min.js:1:1104497)
    at a.emit (https://cdn.jsdelivr.net/npm/phaser@3.60.0/dist/phaser.min.js:1:2035)
    at initialize.step (https://cdn.jsdelivr.net/npm/phaser@3.60.0/dist/phaser.min.js:1:948755)
    at initialize.update (https://cdn.jsdelivr.net/npm/phaser@3.60.0/dist/phaser.min.js:1:935877)
    at initialize.step (https://cdn.jsdelivr.net/npm/phaser@3.60.0/dist/phaser.min.js:1:75942)
    at initialize.step (https://cdn.jsdelivr.net/npm/phaser@3.60.0/dist/phaser.min.js:1:80126)
