{"type":"server-started","port":62942,"host":"127.0.0.1","url_host":"localhost","url":"http://localhost:62942","screen_dir":"/Users/yuefengjiang/AI/fish_eat/.superpowers/brainstorm/83050-1774779475"}
{"type":"screen-added","file":"/Users/yuefengjiang/AI/fish_eat/.superpowers/brainstorm/83050-1774779475/hud-layout.html"}
{"source":"user-event","type":"click","text":"游戏区域\n        \n          ❤️ 血量条\n          💰 金币\n          ⭐ Lv.5\n        \n        \n          Q\n          W\n          E\n          R\n        \n        小地图\n      \n    \n    \n      简约 HUD\n      顶部状态栏 + 底部技能栏，简洁不遮挡视野","choice":"minimalist","id":null,"timestamp":1774779539611}
{"source":"user-event","type":"click","text":"游戏区域\n        \n          ❤️ 血量条\n          💰 金币\n          ⭐ Lv.5\n        \n        \n          Q\n          W\n          E\n          R\n        \n        小地图\n      \n    \n    \n      简约 HUD\n      顶部状态栏 + 底部技能栏，简洁不遮挡视野","choice":"minimalist","id":null,"timestamp":1774779540698}
{"source":"user-event","type":"click","text":"游戏区域\n        \n          ❤️ 血量条\n          💰 金币\n          ⭐ Lv.5\n        \n        \n          Q\n          W\n          E\n          R\n        \n        小地图\n      \n    \n    \n      简约 HUD\n      顶部状态栏 + 底部技能栏，简洁不遮挡视野","choice":"minimalist","id":null,"timestamp":1774779542068}
{"source":"user-event","type":"click","text":"游戏区域\n        \n          ❤️ 血量条\n          💰 金币\n          ⭐ Lv.5\n        \n        \n          Q\n          W\n          E\n          R\n        \n        小地图\n      \n    \n    \n      简约 HUD\n      顶部状态栏 + 底部技能栏，简洁不遮挡视野","choice":"minimalist","id":null,"timestamp":1774779549608}
{"source":"user-event","type":"click","text":"游戏区域\n        \n          ❤️ 血量条\n          💰 金币\n          ⭐ Lv.5\n        \n        \n          Q\n          W\n          E\n          R\n        \n        小地图\n      \n    \n    \n      简约 HUD\n      顶部状态栏 + 底部技能栏，简洁不遮挡视野","choice":"minimalist","id":null,"timestamp":1774779550218}
{"source":"user-event","type":"click","text":"游戏区域\n        \n          ❤️ 血量条\n          💰 金币\n          ⭐ Lv.5\n        \n        \n          Q\n          W\n          E\n          R\n        \n        小地图\n      \n    \n    \n      简约 HUD\n      顶部状态栏 + 底部技能栏，简洁不遮挡视野","choice":"minimalist","id":null,"timestamp":1774779550658}
{"type":"screen-added","file":"/Users/yuefengjiang/AI/fish_eat/.superpowers/brainstorm/83050-1774779475/env-style.html"}
{"source":"user-event","type":"click","text":"🫧 🫧 🫧\n        🪸 🌊\n        🐟 🐠\n        \n        \n      \n    \n    \n      深海主题 🌊\n      深蓝渐变海水，光线从上方透入，珊瑚礁、海藻、沉船残骸为障碍物，气泡漂浮营造深邃氛围","choice":"deep-sea","id":null,"timestamp":1774779612761}
{"source":"user-event","type":"click","text":"☀️\n        🐟🐟🐟\n        🌿 🍃\n        \n      \n    \n    \n      热带浅海主题 ☀️\n      明亮蓝绿色海水，阳光直射效果，热带鱼群游动，海草随水流摇摆，色彩鲜艳活泼","choice":"tropical","id":null,"timestamp":1774779616179}
{"source":"user-event","type":"click","text":"☀️\n        🐟🐟🐟\n        🌿 🍃\n        \n      \n    \n    \n      热带浅海主题 ☀️\n      明亮蓝绿色海水，阳光直射效果，热带鱼群游动，海草随水流摇摆，色彩鲜艳活泼","choice":"tropical","id":null,"timestamp":1774779618529}
{"source":"user-event","type":"click","text":"☀️\n        🐟🐟🐟\n        🌿 🍃\n        \n      \n    \n    \n      热带浅海主题 ☀️\n      明亮蓝绿色海水，阳光直射效果，热带鱼群游动，海草随水流摇摆，色彩鲜艳活泼","choice":"tropical","id":null,"timestamp":1774779618749}
{"source":"user-event","type":"click","text":"🧊 ❄️\n        💨 💨\n        🐟\n        \n        🔥 ♨️\n      \n    \n    \n      极地/深海主题 🧊\n      冰山碎片漂浮，海底火山热泉喷发，深蓝到黑色的渐变，特有的极地生物和极光效果","choice":"polar","id":null,"timestamp":1774779619989}
{"source":"user-event","type":"click","text":"🧊 ❄️\n        💨 💨\n        🐟\n        \n        🔥 ♨️\n      \n    \n    \n      极地/深海主题 🧊\n      冰山碎片漂浮，海底火山热泉喷发，深蓝到黑色的渐变，特有的极地生物和极光效果","choice":"polar","id":null,"timestamp":1774779620329}
{"source":"user-event","type":"click","text":"☀️\n        🐟🐟🐟\n        🌿 🍃\n        \n      \n    \n    \n      热带浅海主题 ☀️\n      明亮蓝绿色海水，阳光直射效果，热带鱼群游动，海草随水流摇摆，色彩鲜艳活泼","choice":"tropical","id":null,"timestamp":1774779621209}
{"type":"screen-added","file":"/Users/yuefengjiang/AI/fish_eat/.superpowers/brainstorm/83050-1774779475/dev-approach.html"}
{"source":"user-event","type":"click","text":"美术组\n          \n          \n          \n        \n        \n          程序组\n          \n          \n          \n        \n        \n          策划组\n          \n          \n          \n        \n      \n    \n    \n      B. 并行开发\n      同时开发多个模块（地图、技能、UI、成长），最后集成\n      优点：效率高，进度快缺点：需要多线思考，集成可能出问题","choice":"parallel","id":null,"timestamp":1774779801401}
{"source":"user-event","type":"click","text":"第1阶段核心玩法\n        →\n        第2阶段战斗系统\n        →\n        第3阶段技能系统\n        →\n        第4阶段成长体系\n        →\n        完成\n      \n    \n    \n      A. 渐进式开发 ⭐推荐\n      先实现核心移动和吃鱼机制，再逐步叠加技能、成长、UI系统\n      优点：每个阶段都能测试，风险低缺点：前期没有完整游戏体验","choice":"incremental","id":null,"timestamp":1774779802850}
{"source":"user-event","type":"click","text":"第1阶段核心玩法\n        →\n        第2阶段战斗系统\n        →\n        第3阶段技能系统\n        →\n        第4阶段成长体系\n        →\n        完成\n      \n    \n    \n      A. 渐进式开发 ⭐推荐\n      先实现核心移动和吃鱼机制，再逐步叠加技能、成长、UI系统\n      优点：每个阶段都能测试，风险低缺点：前期没有完整游戏体验","choice":"incremental","id":null,"timestamp":1774779805639}
{"type":"screen-added","file":"/Users/yuefengjiang/AI/fish_eat/.superpowers/brainstorm/83050-1774779475/arch-approach.html"}
{"source":"user-event","type":"click","text":"配置表.json\n          ↓\n          游戏引擎\n          ↓\n          🐟 🐠 🦈 🐡\n        \n      \n    \n    \n      C. 数据驱动\n      用 JSON 配置表定义鱼、技能、关卡，代码解析配置生成内容\n      优点：内容扩展容易，不需要改代码缺点：调试复杂，需要配套工具","choice":"data-driven","id":null,"timestamp":1774779906801}
{"type":"screen-added","file":"/Users/yuefengjiang/AI/fish_eat/.superpowers/brainstorm/83050-1774779475/waiting-design.html"}
{"type":"server-stopped","reason":"idle timeout"}
